2022-05-23 14:17:11.876 +03:00 [ERR] Code: -1,
Status: 0,
Message: The Model field is required.,
SimpleMessage: ,
OriginalMessage: ,
Line: ,
Caller: ,
Path: 
2022-05-23 14:17:43.038 +03:00 [ERR] Code: 3628,
Status: 0,
Message: Profile not found,
SimpleMessage: ,
OriginalMessage: ,
Line: ,
Caller: ,
Path: 
2022-05-23 14:17:50.510 +03:00 [ERR] Code: 3660,
Status: 0,
Message: 'Login' must not be empty.,
SimpleMessage: ,
OriginalMessage: ,
Line: ,
Caller: ,
Path: 
2022-05-23 14:18:00.755 +03:00 [ERR] Code: 3660,
Status: 0,
Message: 'Login' must not be empty.,
SimpleMessage: ,
OriginalMessage: ,
Line: ,
Caller: ,
Path: 
2022-05-23 14:18:43.576 +03:00 [ERR] Code: -1,
Status: 0,
Message: The Model field is required.,
SimpleMessage: ,
OriginalMessage: ,
Line: ,
Caller: ,
Path: 
2022-05-23 14:21:43.989 +03:00 [ERR] Code: -1,
Status: 0,
Message: The Model field is required.,
SimpleMessage: ,
OriginalMessage: ,
Line: ,
Caller: ,
Path: 
2022-05-23 14:22:09.164 +03:00 [ERR] Result was not as GenericResponse`1 type
2022-05-23 14:22:09.165 +03:00 [ERR] Result was not as GenericResponse`1 type
2022-05-23 14:22:09.166 +03:00 [ERR] Code: 106,
Status: NotAcceptable,
Message: The result from external service does not have an appropriate type,
SimpleMessage: The result from external service does not have an appropriate type,
OriginalMessage: Result was not as RegistrationConfirmSaasProfileOutputModel type,
Line: 345,
Caller: GetResultFromAnswer,
Path: C:\GitLab-Runner\builds\zWyWwdAF\0\Identite\MAPD\Mapd.Server\Mapd.Server.Helpers.Common\ExternalServices\ExternalServiceFactory.cs
2022-05-23 14:22:09.166 +03:00 [ERR] Code: 102,
Status: BadGateway,
Message: There is an incorrect answer from the call of external service.,
SimpleMessage: There is an incorrect answer from the call of external service.,
OriginalMessage: Result from external service was not success. Code is BadGateway,
Line: 352,
Caller: GetResultFromAnswer,
Path: C:\GitLab-Runner\builds\zWyWwdAF\0\Identite\MAPD\Mapd.Server\Mapd.Server.Helpers.Common\ExternalServices\ExternalServiceFactory.cs
2022-05-23 14:24:14.493 +03:00 [ERR] Code: -1,
Status: 0,
Message: The Model field is required.,
SimpleMessage: ,
OriginalMessage: ,
Line: ,
Caller: ,
Path: 
2022-05-23 14:24:14.587 +03:00 [ERR] System.NullReferenceException
System.NullReferenceException: Object reference not set to an instance of an object.
   at NoPass.Dialogs.Profile.LoginProfile.SignInFlowAsync(SignInSaasProfileOutputModel signInProfilResponse) in C:\GitLab-Runner\builds\zWyWwdAF\0\Identite\MAPD\Mapd.Server\Mapd.Desktop\WindowsApplication\Dialogs\Profile\Middle\LoginProfile.xaml.cs:line 129
   at System.Threading.Tasks.Task.<>c.<ThrowAsync>b__140_0(Object state)
   at System.Windows.Threading.ExceptionWrapper.InternalRealCall(Delegate callback, Object args, Int32 numArgs)
   at System.Windows.Threading.ExceptionWrapper.TryCatchWhen(Object source, Delegate callback, Object args, Int32 numArgs, Delegate catchHandler)
